<?xml version="1.0" encoding="UTF-8"?>
<!-- Generated by org.testng.reporters.JUnitXMLReporter -->
<testsuite ignored="0" hostname="DESKTOP-A0FM8PR" failures="1" tests="3" name="Default test(failed)" time="23.015" errors="0" timestamp="2025-02-09T18:17:06 IST">
  <testcase classname="org.excution.SampleTesting" name="tc02" time="4.375"/>
  <testcase classname="org.excution.SampleTesting" name="tc02" time="11.515"/>
  <testcase classname="org.excution.SampleTesting" name="tc02" time="15.938">
    <failure type="org.testng.internal.reflect.MethodMatcherException" message="
[private void org.excution.SampleTesting.tc02(java.lang.String,java.lang.String)] has no parameters defined but was found to be using a data provider (either explicitly specified or inherited from class level annotation).
Data provider mismatch
Method: tc02([java.lang.String arg0, java.lang.String arg1])
Arguments: []">
      <![CDATA[org.testng.internal.reflect.MethodMatcherException: 
[private void org.excution.SampleTesting.tc02(java.lang.String,java.lang.String)] has no parameters defined but was found to be using a data provider (either explicitly specified or inherited from class level annotation).
Data provider mismatch
Method: tc02([java.lang.String arg0, java.lang.String arg1])
Arguments: []
at java.base/java.util.ArrayList.forEach(ArrayList.java:1541)
... Removed 22 stack frames]]>
    </failure>
  </testcase> <!-- tc02 -->
</testsuite> <!-- Default test(failed) -->
