<?xml version="1.0" encoding="UTF-8"?>
<testng-results ignored="0" total="3" passed="2" failed="1" skipped="0">
  <reporter-output>
  </reporter-output>
  <suite started-at="2025-02-09T18:16:42 IST" name="Failed suite [Default suite]" finished-at="2025-02-09T18:17:05 IST" duration-ms="23015">
    <groups>
    </groups>
    <test started-at="2025-02-09T18:16:42 IST" name="Default test(failed)" finished-at="2025-02-09T18:17:05 IST" duration-ms="23015">
      <class name="org.excution.SampleTesting">
        <test-method is-config="true" signature="BrowserUrlLaunch()[pri:0, instance:org.excution.SampleTesting@147e2ae7]" started-at="2025-02-09T18:16:43 IST" name="BrowserUrlLaunch" finished-at="2025-02-09T18:16:50 IST" duration-ms="7023" status="PASS">
          <reporter-output>
          </reporter-output>
        </test-method> <!-- BrowserUrlLaunch -->
        <test-method signature="tc02(java.lang.String,java.lang.String)[pri:0, instance:org.excution.SampleTesting@147e2ae7]" started-at="2025-02-09T18:16:50 IST" name="tc02" data-provider="loginPage" finished-at="2025-02-09T18:17:05 IST" duration-ms="15938" status="FAIL">
          <exception class="org.testng.internal.reflect.MethodMatcherException">
            <message>
              <![CDATA[
[private void org.excution.SampleTesting.tc02(java.lang.String,java.lang.String)] has no parameters defined but was found to be using a data provider (either explicitly specified or inherited from class level annotation).
Data provider mismatch
Method: tc02([java.lang.String arg0, java.lang.String arg1])
Arguments: []]]>
            </message>
            <full-stacktrace>
              <![CDATA[org.testng.internal.reflect.MethodMatcherException: 
[private void org.excution.SampleTesting.tc02(java.lang.String,java.lang.String)] has no parameters defined but was found to be using a data provider (either explicitly specified or inherited from class level annotation).
Data provider mismatch
Method: tc02([java.lang.String arg0, java.lang.String arg1])
Arguments: []
at org.testng.internal.reflect.DataProviderMethodMatcher.getConformingArguments(DataProviderMethodMatcher.java:46)
at org.testng.internal.Parameters.injectParameters(Parameters.java:909)
at org.testng.internal.invokers.MethodRunner.runInSequence(MethodRunner.java:37)
at org.testng.internal.invokers.TestInvoker$MethodInvocationAgent.invoke(TestInvoker.java:969)
at org.testng.internal.invokers.TestInvoker.invokeTestMethods(TestInvoker.java:194)
at org.testng.internal.invokers.TestMethodWorker.invokeTestMethods(TestMethodWorker.java:148)
at org.testng.internal.invokers.TestMethodWorker.run(TestMethodWorker.java:128)
at java.base/java.util.ArrayList.forEach(ArrayList.java:1541)
at org.testng.TestRunner.privateRun(TestRunner.java:829)
at org.testng.TestRunner.run(TestRunner.java:602)
at org.testng.SuiteRunner.runTest(SuiteRunner.java:437)
at org.testng.SuiteRunner.runSequentially(SuiteRunner.java:431)
at org.testng.SuiteRunner.privateRun(SuiteRunner.java:391)
at org.testng.SuiteRunner.run(SuiteRunner.java:330)
at org.testng.SuiteRunnerWorker.runSuite(SuiteRunnerWorker.java:52)
at org.testng.SuiteRunnerWorker.run(SuiteRunnerWorker.java:95)
at org.testng.TestNG.runSuitesSequentially(TestNG.java:1256)
at org.testng.TestNG.runSuitesLocally(TestNG.java:1176)
at org.testng.TestNG.runSuites(TestNG.java:1099)
at org.testng.TestNG.run(TestNG.java:1067)
at org.testng.remote.AbstractRemoteTestNG.run(AbstractRemoteTestNG.java:115)
at org.testng.remote.RemoteTestNG.initAndRun(RemoteTestNG.java:293)
at org.testng.remote.RemoteTestNG.main(RemoteTestNG.java:91)
]]>
            </full-stacktrace>
          </exception> <!-- org.testng.internal.reflect.MethodMatcherException -->
          <reporter-output>
          </reporter-output>
        </test-method> <!-- tc02 -->
        <test-method signature="tc02(java.lang.String,java.lang.String)[pri:0, instance:org.excution.SampleTesting@147e2ae7]" started-at="2025-02-09T18:16:50 IST" name="tc02" data-provider="loginPage" finished-at="2025-02-09T18:16:54 IST" duration-ms="4375" status="PASS">
          <params>
            <param index="0">
              <value>
                <![CDATA[standard_user]]>
              </value>
            </param>
            <param index="1">
              <value>
                <![CDATA[secret_sauce]]>
              </value>
            </param>
          </params>
          <reporter-output>
          </reporter-output>
        </test-method> <!-- tc02 -->
        <test-method signature="tc02(java.lang.String,java.lang.String)[pri:0, instance:org.excution.SampleTesting@147e2ae7]" started-at="2025-02-09T18:16:54 IST" name="tc02" data-provider="loginPage" finished-at="2025-02-09T18:17:05 IST" duration-ms="11515" status="PASS">
          <params>
            <param index="0">
              <value>
                <![CDATA[performance_glitch_user]]>
              </value>
            </param>
            <param index="1">
              <value>
                <![CDATA[secret_sauce]]>
              </value>
            </param>
          </params>
          <reporter-output>
          </reporter-output>
        </test-method> <!-- tc02 -->
      </class> <!-- org.excution.SampleTesting -->
    </test> <!-- Default test(failed) -->
  </suite> <!-- Failed suite [Default suite] -->
</testng-results>
